<?xml version="1.0" encoding="UTF-8"?>
<project xmlns="http://maven.apache.org/POM/4.0.0" xmlns:xsi="http://www.w3.org/2001/XMLSchema-instance"
	xsi:schemaLocation="http://maven.apache.org/POM/4.0.0 http://maven.apache.org/maven-v4_0_0.xsd">
	<modelVersion>4.0.0</modelVersion>
	<parent>
		<groupId>com.hnair</groupId>
		<artifactId>hnair-edms-parent</artifactId>
		<version>1.0.0-SNAPSHOT</version>
	</parent>
	<artifactId>test-all-in-one</artifactId>
	<version>${version.all-in-one}</version>
	<packaging>jar</packaging>
	<name>${project.artifactId}-${project.version}</name>

	<dependencies>
		<dependency>
			<groupId>junit</groupId>
			<artifactId>junit</artifactId>
			<version>4.8.1</version>
			<scope>compile</scope>
		</dependency>
		<dependency>
			<groupId>org.dbunit</groupId>
			<artifactId>dbunit</artifactId>
			<version>2.4.8</version>
			<scope>compile</scope>
		</dependency>
		<dependency>
			<groupId>org.openkoala.koalacommons</groupId>
			<artifactId>koala-commons-test-support</artifactId>
			<version>${koala.2.1.0.version}</version>
			<scope>compile</scope>
		</dependency>
		<dependency>
			<groupId>com.dayatang.commons</groupId>
			<artifactId>dayatang-commons-test</artifactId>
			<version>3.6</version>
			<scope>compile</scope>
		</dependency>
		<dependency>
			<groupId>com.dayatang.commons</groupId>
			<artifactId>dayatang-commons-spring-test</artifactId>
			<version>3.6</version>
			<scope>compile</scope>
		</dependency>
		<dependency>
			<groupId>org.mockito</groupId>
			<artifactId>mockito-all</artifactId>
			<version>1.9.5</version>
			<scope>compile</scope>
		</dependency>
		<dependency>
			<groupId>org.powermock</groupId>
			<artifactId>powermock-mockito-release-full</artifactId>
			<version>1.5.3</version>
			<scope>compile</scope>
		</dependency>
		<dependency>
			<groupId>org.springframework</groupId>
			<artifactId>spring-test</artifactId>
			<scope>compile</scope>
		</dependency>
	</dependencies>

	<build>
		<resources>
			<resource>
				<directory>src/main/resources</directory>
				<filtering>true</filtering>
			</resource>
		</resources>
		<testResources>
			<testResource>
				<directory>src/test/resources</directory>
				<filtering>true</filtering>
			</testResource>
		</testResources>

		<plugins>
			<!--
				<plugin> <groupId>org.apache.maven.plugins</groupId>
				<artifactId>maven-assembly-plugin</artifactId>
				<version>2.4</version> <configuration> <descriptorRefs>
				<descriptorRef>jar-with-dependencies</descriptorRef>
				</descriptorRefs> </configuration> <executions> <execution>
				<id>assemble-all</id> <phase>package</phase> <goals>
				<goal>single</goal> </goals> </execution> </executions> </plugin>
			-->
			<plugin>
				<groupId>org.apache.maven.plugins</groupId>
				<artifactId>maven-shade-plugin</artifactId>
				<version>2.2</version>
				<executions>
					<execution>
						<phase>package</phase>
						<goals>
							<goal>shade</goal>
						</goals>
						<configuration>
							<transformers>
								<transformer
									implementation="org.apache.maven.plugins.shade.resource.AppendingTransformer">
									<resource>META-INF/spring.handlers</resource>
								</transformer>
								<transformer
									implementation="org.apache.maven.plugins.shade.resource.ManifestResourceTransformer">
									<mainClass>com.chenzhou.examples.Main</mainClass>
								</transformer>
								<transformer
									implementation="org.apache.maven.plugins.shade.resource.AppendingTransformer">
									<resource>META-INF/spring.schemas</resource>
								</transformer>
							</transformers>
							<artifactSet>
								<includes>
									<include>com.dayatang.commons:*</include>
									<include>org.openkoala.koalacommons:*</include>
									<include>org.mockito:*</include>
									<include>org.powermock:*</include>
									<include>junit:*</include>
									<include>org.dbunit:*</include>
									<include>org.testng:*</include>
									<include>org.objenesis:*</include>
									<include>org.springframework:spring-test</include>
								</includes>
							</artifactSet>
						</configuration>
					</execution>
				</executions>
			</plugin>
		</plugins>
	</build>

	<repositories>
		<repository>
			<id>koala-snapshots</id>
			<url>http://nexus.openkoala.org/nexus/content/groups/Koala-snapshots/
			</url>
		</repository>
		<repository>
			<id>koala-release</id>
			<url>http://nexus.openkoala.org/nexus/content/groups/Koala-release/
			</url>
		</repository>

		<repository>
			<id>inner-repo-snapshots</id>
			<url>http://183.233.189.114/nexus/content/repositories/hnair-edms-release/
			</url>
		</repository>
		<repository>
			<id>inner-repo-release</id>
			<url>http://183.233.189.114/nexus/content/repositories/hnair-edms-snapshots/
			</url>
		</repository>

		<!--
			<repository> <id>my-repo-release</id>
			<url>http://10.108.1.15:8081/nexus/content/groups/public/</url>
			</repository> <repository> <id>MyRepositories-release</id>
			<url>http://10.108.1.15:8081/nexus/content/groups/MyRepositories/</url>
			</repository>
		-->

		<repository>
			<id>offical</id>
			<url>http://repo1.maven.org/maven2</url>
		</repository>
	</repositories>

</project>